CVC: Log output to /openLANE_flow/designs/adder/runs/opelane_run/results/cvc/cvc_adder.log
CVC: Error output to /openLANE_flow/designs/adder/runs/opelane_run/results/cvc/cvc_adder.error.gz
CVC: Debug output to /openLANE_flow/designs/adder/runs/opelane_run/results/cvc/cvc_adder.debug.gz
CVC: Circuit Validation Check  Version 1.0.0
CVC: Start: Fri Mar 26 12:34:47 2021

Using the following parameters for CVC (Circuit Validation Check) from /openLANE_flow/scripts/cvc/sky130A/cvcrc.sky130A
CVC_TOP = 'adder'
CVC_NETLIST = '/openLANE_flow/designs/adder/runs/opelane_run/results/cvc/adder.cdl'
CVC_MODE = 'adder'
CVC_MODEL_FILE = '/openLANE_flow/scripts/cvc/sky130A/cvc.sky130.models'
CVC_POWER_FILE = '/openLANE_flow/designs/adder/runs/opelane_run/results/cvc/adder.power'
CVC_FUSE_FILE = ''
CVC_REPORT_FILE = '/openLANE_flow/designs/adder/runs/opelane_run/results/cvc/cvc_adder.log'
CVC_REPORT_TITLE = 'CVC $CVC_TOP'
CVC_CIRCUIT_ERROR_LIMIT = '100'
CVC_SEARCH_LIMIT = '100'
CVC_LEAK_LIMIT = '0.0002'
CVC_SOI = 'false'
CVC_SCRC = 'false'
CVC_VTH_GATES = 'false'
CVC_MIN_VTH_GATES = 'false'
CVC_IGNORE_VTH_FLOATING = 'false'
CVC_IGNORE_NO_LEAK_FLOATING = 'false'
CVC_LEAK_OVERVOLTAGE = 'true'
CVC_LOGIC_DIODES = 'false'
CVC_ANALOG_GATES = 'true'
CVC_BACKUP_RESULTS = 'false'
CVC_MOS_DIODE_ERROR_THRESHOLD = '0'
CVC_SHORT_ERROR_THRESHOLD = '0'
CVC_BIAS_ERROR_THRESHOLD = '0'
CVC_FORWARD_ERROR_THRESHOLD = '0'
CVC_FLOATING_ERROR_THRESHOLD = '0'
CVC_GATE_ERROR_THRESHOLD = '0'
CVC_LEAK?_ERROR_THRESHOLD = '0'
CVC_EXPECTED_ERROR_THRESHOLD = '0'
CVC_OVERVOLTAGE_ERROR_THRESHOLD = '0'
CVC_PARALLEL_CIRCUIT_PORT_LIMIT = '0'
CVC_CELL_ERROR_LIMIT_FILE = ''
CVC_CELL_CHECKSUM_FILE = ''
CVC_LARGE_CIRCUIT_SIZE = '10000000'
CVC_NET_CHECK_FILE = ''
End of parameters

CVC: Reading device model settings...
CVC: Reading power settings...
CVC: Parsing netlist /openLANE_flow/designs/adder/runs/opelane_run/results/cvc/adder.cdl
Cdl fixed data size 30829
Usage CDL: Time: 0  Memory: 7092  I/O: 8  Swap: 0
CVC: Counting and linking...
CVC: Assigning IDs ...
Usage DB: Time: 0  Memory: 7348  I/O: 8  Swap: 0
CVC: 1039(1039) instances, 257(257) nets, 1988(1988) devices.
CVC: Setting models ...
Setting model tolerances...
CVC: Shorting switches...
	Shorted 0 short
Setting instance power...

ModelList> filename /openLANE_flow/scripts/cvc/sky130A/cvc.sky130.models
 Model> nfet_01v8        994 M->nmos       Parameters> Vth=0.2 Vds=1.8 Vgs=1.8 R=L/W*7000 Diodes> 4-1 4-3
 Model> pfet_01v8_hvt       994 M->pmos       Parameters> Vth=-0.2 Vds=1.8 Vgs=1.8 R=L/W*7000 Diodes> 1-4 3-4
 Model> short              0 R->switch_on  Parameters>
ModelList> end

Power List> filename /openLANE_flow/designs/adder/runs/opelane_run/results/cvc/adder.power
 VPWR power 1.8 -> 1.8 power
 VGND power 0.0 -> 0.0 power
 ci~>std_input input std_input -> min@0.0 max@1.8 input family(std_input;)
i0[7:0]~>std_input input std_input
 ->i0[0] input std_input -> min@0.0 max@1.8 input family(std_input;)
 ->i0[1] input std_input -> min@0.0 max@1.8 input family(std_input;)
 ->i0[2] input std_input -> min@0.0 max@1.8 input family(std_input;)
 ->i0[3] input std_input -> min@0.0 max@1.8 input family(std_input;)
 ->i0[4] input std_input -> min@0.0 max@1.8 input family(std_input;)
 ->i0[5] input std_input -> min@0.0 max@1.8 input family(std_input;)
 ->i0[6] input std_input -> min@0.0 max@1.8 input family(std_input;)
 ->i0[7] input std_input -> min@0.0 max@1.8 input family(std_input;)
i1[7:0]~>std_input input std_input
 ->i1[0] input std_input -> min@0.0 max@1.8 input family(std_input;)
 ->i1[1] input std_input -> min@0.0 max@1.8 input family(std_input;)
 ->i1[2] input std_input -> min@0.0 max@1.8 input family(std_input;)
 ->i1[3] input std_input -> min@0.0 max@1.8 input family(std_input;)
 ->i1[4] input std_input -> min@0.0 max@1.8 input family(std_input;)
 ->i1[5] input std_input -> min@0.0 max@1.8 input family(std_input;)
 ->i1[6] input std_input -> min@0.0 max@1.8 input family(std_input;)
 ->i1[7] input std_input -> min@0.0 max@1.8 input family(std_input;)
> expected values
> macros
 #define std_input min@VGND max@VPWR -> min@0.0 max@1.8
Power List> end

CVC: Linking devices...
Usage EQUIV: Time: 0  Memory: 7784  I/O: 16  Swap: 0
Power nets 23
Hash dump:parameter->resistance map
Contains 53 buckets, 18 elements
Element count 0, 37
Element count 1, 14
Element count 2, 2
Unused hash: 0.70, average depth 1.22
Hash dump:text->circuit map
Contains 337 buckets, 438 elements
Element count 0, 77
Element count 1, 129
Element count 2, 92
Element count 3, 31
Element count 4, 8
Unused hash: 0.23, average depth 2.06
Hash dump:string->text map
Contains 1493 buckets, 2261 elements
Element count 0, 333
Element count 1, 498
Element count 2, 370
Element count 3, 188
Element count 4, 69
Element count 5, 27
Element count 6, 8
Unused hash: 0.22, average depth 2.54
CVC: Shorting non conducting resistors...
CVC: Calculating resistor voltages...
Usage RES: Time: 0  Memory: 7784  I/O: 16  Swap: 0
Power nets 23
CVC: Calculating min/max voltages...
Processing trivial nets found 112 trivial nets
CVC: Ignoring invalid calculations...
CVC:   Removed 0 calculations
Copying master nets
CVC: Ignoring non-conducting devices...
CVC:   Ignored 0 devices
Usage MIN/MAX1: Time: 0  Memory: 7784  I/O: 16  Swap: 0
Power nets 102
! Checking forward bias diode errors: 

! Checking nmos source/drain vs bias errors: 

! Checking nmos gate vs source errors: 

! Checking pmos source/drain vs bias errors: 

! Checking pmos gate vs source errors: 

Usage ERROR: Time: 0  Memory: 7784  I/O: 16  Swap: 0
CVC: Propagating Simulation voltages 1...
Usage SIM1: Time: 0  Memory: 7784  I/O: 16  Swap: 0
Power nets 102
CVC: Propagating Simulation voltages 3...
Usage SIM2: Time: 0  Memory: 7784  I/O: 16  Swap: 0
Power nets 102
Added 0 latch voltages
CVC: Calculating min/max voltages...
Processing trivial nets found 112 trivial nets
CVC: Ignoring invalid calculations...
CVC:   Removed 0 calculations
Copying master nets
CVC: Ignoring non-conducting devices...
CVC:   Ignored 0 devices
Usage MIN/MAX2: Time: 0  Memory: 7784  I/O: 16  Swap: 0
Power nets 181
! Checking overvoltage errors

! Checking nmos possible leak errors: 

! Checking pmos possible leak errors: 

! Checking mos floating input errors:

! Checking expected values:

CVC: Error Counts
CVC: Fuse Problems:         0
CVC: Min Voltage Conflicts: 0
CVC: Max Voltage Conflicts: 0
CVC: Leaks:                 0
CVC: LDD drain->source:     0
CVC: HI-Z Inputs:           0
CVC: Forward Bias Diodes:   0
CVC: NMOS Source vs Bulk:   0
CVC: NMOS Gate vs Source:   0
CVC: NMOS Possible Leaks:   0
CVC: PMOS Source vs Bulk:   0
CVC: PMOS Gate vs Source:   0
CVC: PMOS Possible Leaks:   0
CVC: Overvoltage-VBG:       0
CVC: Overvoltage-VBS:       0
CVC: Overvoltage-VDS:       0
CVC: Overvoltage-VGS:       0
CVC: Unexpected voltage :   0
CVC: Total:                 0
Usage Total: Time: 0  Memory: 8272  I/O: 48  Swap: 0
Virtual net update/access 1786/125355
CVC: Log output to /openLANE_flow/designs/adder/runs/opelane_run/results/cvc/cvc_adder.log
CVC: End: Fri Mar 26 12:34:47 2021

