Netgen 1.5.158 compiled on Sat Dec  5 19:50:01 UTC 2020
Warning: netgen command 'format' use fully-qualified name '::netgen::format'
Warning: netgen command 'global' use fully-qualified name '::netgen::global'
Generating JSON file result
Reading netlist file /openLANE_flow/designs/adder/runs/opelane_run/results/magic/adder.spice
Reading netlist file /openLANE_flow/designs/adder/runs/opelane_run/results/lvs/adder.lvs.powered.v
Warning:  A case-insensitive file has been read and so the	verilog file must be treated case-insensitive to match.
Creating placeholder cell definition for module sky130_fd_sc_hd__decap_12.
Creating placeholder cell definition for module sky130_fd_sc_hd__decap_6.
Creating placeholder cell definition for module sky130_fd_sc_hd__decap_3.
Creating placeholder cell definition for module sky130_fd_sc_hd__decap_4.
Creating placeholder cell definition for module sky130_fd_sc_hd__decap_8.
Creating placeholder cell definition for module sky130_fd_sc_hd__fill_1.
Creating placeholder cell definition for module sky130_fd_sc_hd__fill_2.
Creating placeholder cell definition for module sky130_fd_sc_hd__tapvpwrvgnd_1.
Creating placeholder cell definition for module sky130_fd_sc_hd__a2bb2o_4.
Creating placeholder cell definition for module sky130_fd_sc_hd__and2_4.
Creating placeholder cell definition for module sky130_fd_sc_hd__o22a_4.
Creating placeholder cell definition for module sky130_fd_sc_hd__inv_2.
Creating placeholder cell definition for module sky130_fd_sc_hd__o21a_4.
Creating placeholder cell definition for module sky130_fd_sc_hd__buf_2.
Reading setup file /edatools/pdks/sky130A/libs.tech/netgen/sky130A_setup.tcl
Comparison output logged to file /openLANE_flow/designs/adder/runs/opelane_run/results/lvs/adder.lvs.log
Logging to file "/openLANE_flow/designs/adder/runs/opelane_run/results/lvs/adder.lvs.log" enabled
Contents of circuit 1:  Circuit: 'sky130_fd_sc_hd__a2bb2o_4'
Circuit sky130_fd_sc_hd__a2bb2o_4 contains 0 device instances.
Circuit contains 0 nets, and 9 disconnected pins.
Contents of circuit 2:  Circuit: 'sky130_fd_sc_hd__a2bb2o_4'
Circuit sky130_fd_sc_hd__a2bb2o_4 contains 0 device instances.
Circuit contains 0 nets.

Circuit sky130_fd_sc_hd__a2bb2o_4 contains no devices.
Contents of circuit 1:  Circuit: 'sky130_fd_sc_hd__tapvpwrvgnd_1'
Circuit sky130_fd_sc_hd__tapvpwrvgnd_1 contains 0 device instances.
Circuit contains 0 nets, and 2 disconnected pins.
Contents of circuit 2:  Circuit: 'sky130_fd_sc_hd__tapvpwrvgnd_1'
Circuit sky130_fd_sc_hd__tapvpwrvgnd_1 contains 0 device instances.
Circuit contains 0 nets.

Circuit sky130_fd_sc_hd__tapvpwrvgnd_1 contains no devices.
Contents of circuit 1:  Circuit: 'sky130_fd_sc_hd__o22a_4'
Circuit sky130_fd_sc_hd__o22a_4 contains 0 device instances.
Circuit contains 0 nets, and 9 disconnected pins.
Contents of circuit 2:  Circuit: 'sky130_fd_sc_hd__o22a_4'
Circuit sky130_fd_sc_hd__o22a_4 contains 0 device instances.
Circuit contains 0 nets.

Circuit sky130_fd_sc_hd__o22a_4 contains no devices.
Contents of circuit 1:  Circuit: 'sky130_fd_sc_hd__and2_4'
Circuit sky130_fd_sc_hd__and2_4 contains 0 device instances.
Circuit contains 0 nets, and 7 disconnected pins.
Contents of circuit 2:  Circuit: 'sky130_fd_sc_hd__and2_4'
Circuit sky130_fd_sc_hd__and2_4 contains 0 device instances.
Circuit contains 0 nets.

Circuit sky130_fd_sc_hd__and2_4 contains no devices.
Contents of circuit 1:  Circuit: 'sky130_fd_sc_hd__buf_2'
Circuit sky130_fd_sc_hd__buf_2 contains 0 device instances.
Circuit contains 0 nets, and 6 disconnected pins.
Contents of circuit 2:  Circuit: 'sky130_fd_sc_hd__buf_2'
Circuit sky130_fd_sc_hd__buf_2 contains 0 device instances.
Circuit contains 0 nets.

Circuit sky130_fd_sc_hd__buf_2 contains no devices.
Contents of circuit 1:  Circuit: 'sky130_fd_sc_hd__o21a_4'
Circuit sky130_fd_sc_hd__o21a_4 contains 0 device instances.
Circuit contains 0 nets, and 8 disconnected pins.
Contents of circuit 2:  Circuit: 'sky130_fd_sc_hd__o21a_4'
Circuit sky130_fd_sc_hd__o21a_4 contains 0 device instances.
Circuit contains 0 nets.

Circuit sky130_fd_sc_hd__o21a_4 contains no devices.
Contents of circuit 1:  Circuit: 'sky130_fd_sc_hd__inv_2'
Circuit sky130_fd_sc_hd__inv_2 contains 0 device instances.
Circuit contains 0 nets, and 6 disconnected pins.
Contents of circuit 2:  Circuit: 'sky130_fd_sc_hd__inv_2'
Circuit sky130_fd_sc_hd__inv_2 contains 0 device instances.
Circuit contains 0 nets.

Circuit sky130_fd_sc_hd__inv_2 contains no devices.
Contents of circuit 1:  Circuit: 'adder'
Circuit adder contains 206 device instances.
  Class: sky130_fd_sc_hd__buf_2 instances:  36
  Class: sky130_fd_sc_hd__a2bb2o_4 instances:  15
  Class: sky130_fd_sc_hd__inv_2 instances:   2
  Class: sky130_fd_sc_hd__and2_4 instances:   8
  Class: sky130_fd_sc_hd__o22a_4 instances:   8
  Class: sky130_fd_sc_hd__o21a_4 instances:   1
  Class: sky130_fd_sc_hd__tapvpwrvgnd_1 instances: 136
Circuit contains 89 nets.
Contents of circuit 2:  Circuit: 'adder'
Circuit adder contains 206 device instances.
  Class: sky130_fd_sc_hd__buf_2 instances:  36
  Class: sky130_fd_sc_hd__a2bb2o_4 instances:  15
  Class: sky130_fd_sc_hd__inv_2 instances:   2
  Class: sky130_fd_sc_hd__and2_4 instances:   8
  Class: sky130_fd_sc_hd__o22a_4 instances:   8
  Class: sky130_fd_sc_hd__o21a_4 instances:   1
  Class: sky130_fd_sc_hd__tapvpwrvgnd_1 instances: 136
Circuit contains 89 nets.

Circuit 1 contains 206 devices, Circuit 2 contains 206 devices.
Circuit 1 contains 89 nets,    Circuit 2 contains 89 nets.

Circuits match with 1 symmetry.
Resolving automorphisms by property value.
Resolving automorphisms by pin name.
Netlists match with 1 symmetry.
Circuits match correctly.
Result: Circuits match uniquely.
Logging to file "/openLANE_flow/designs/adder/runs/opelane_run/results/lvs/adder.lvs.log" disabled
LVS Done.
