
Cell sky130_fd_sc_hd__a2bb2o_4 disconnected node: A1_N
Cell sky130_fd_sc_hd__a2bb2o_4 disconnected node: A2_N
Cell sky130_fd_sc_hd__a2bb2o_4 disconnected node: B1
Cell sky130_fd_sc_hd__a2bb2o_4 disconnected node: B2
Cell sky130_fd_sc_hd__a2bb2o_4 disconnected node: VGND
Cell sky130_fd_sc_hd__a2bb2o_4 disconnected node: VNB
Cell sky130_fd_sc_hd__a2bb2o_4 disconnected node: VPB
Cell sky130_fd_sc_hd__a2bb2o_4 disconnected node: VPWR
Cell sky130_fd_sc_hd__a2bb2o_4 disconnected node: X
Warning: Equate pins:  cell sky130_fd_sc_hd__a2bb2o_4 has no definition, treated as a black box.

Subcircuit pins:
Circuit 1: sky130_fd_sc_hd__a2bb2o_4       |Circuit 2: sky130_fd_sc_hd__a2bb2o_4       
-------------------------------------------|-------------------------------------------
A1_N                                       |A1_N                                       
A2_N                                       |A2_N                                       
B1                                         |B1                                         
B2                                         |B2                                         
VGND                                       |VGND                                       
VNB                                        |VNB                                        
VPB                                        |VPB                                        
VPWR                                       |VPWR                                       
X                                          |X                                          
---------------------------------------------------------------------------------------
Cell pin lists are equivalent.
Device classes sky130_fd_sc_hd__a2bb2o_4 and sky130_fd_sc_hd__a2bb2o_4 are equivalent.

Cell sky130_fd_sc_hd__tapvpwrvgnd_1 disconnected node: VGND
Cell sky130_fd_sc_hd__tapvpwrvgnd_1 disconnected node: VPWR
Warning: Equate pins:  cell sky130_fd_sc_hd__tapvpwrvgnd_1 has no definition, treated as a black box.

Subcircuit pins:
Circuit 1: sky130_fd_sc_hd__tapvpwrvgnd_1  |Circuit 2: sky130_fd_sc_hd__tapvpwrvgnd_1  
-------------------------------------------|-------------------------------------------
VGND                                       |VGND                                       
VPWR                                       |VPWR                                       
---------------------------------------------------------------------------------------
Cell pin lists are equivalent.
Device classes sky130_fd_sc_hd__tapvpwrvgnd_1 and sky130_fd_sc_hd__tapvpwrvgnd_1 are equivalent.

Cell sky130_fd_sc_hd__o22a_4 disconnected node: A1
Cell sky130_fd_sc_hd__o22a_4 disconnected node: A2
Cell sky130_fd_sc_hd__o22a_4 disconnected node: B1
Cell sky130_fd_sc_hd__o22a_4 disconnected node: B2
Cell sky130_fd_sc_hd__o22a_4 disconnected node: VGND
Cell sky130_fd_sc_hd__o22a_4 disconnected node: VNB
Cell sky130_fd_sc_hd__o22a_4 disconnected node: VPB
Cell sky130_fd_sc_hd__o22a_4 disconnected node: VPWR
Cell sky130_fd_sc_hd__o22a_4 disconnected node: X
Warning: Equate pins:  cell sky130_fd_sc_hd__o22a_4 has no definition, treated as a black box.

Subcircuit pins:
Circuit 1: sky130_fd_sc_hd__o22a_4         |Circuit 2: sky130_fd_sc_hd__o22a_4         
-------------------------------------------|-------------------------------------------
A1                                         |A1                                         
A2                                         |A2                                         
B1                                         |B1                                         
B2                                         |B2                                         
VGND                                       |VGND                                       
VNB                                        |VNB                                        
VPB                                        |VPB                                        
VPWR                                       |VPWR                                       
X                                          |X                                          
---------------------------------------------------------------------------------------
Cell pin lists are equivalent.
Device classes sky130_fd_sc_hd__o22a_4 and sky130_fd_sc_hd__o22a_4 are equivalent.

Cell sky130_fd_sc_hd__and2_4 disconnected node: A
Cell sky130_fd_sc_hd__and2_4 disconnected node: B
Cell sky130_fd_sc_hd__and2_4 disconnected node: VGND
Cell sky130_fd_sc_hd__and2_4 disconnected node: VNB
Cell sky130_fd_sc_hd__and2_4 disconnected node: VPB
Cell sky130_fd_sc_hd__and2_4 disconnected node: VPWR
Cell sky130_fd_sc_hd__and2_4 disconnected node: X
Warning: Equate pins:  cell sky130_fd_sc_hd__and2_4 has no definition, treated as a black box.

Subcircuit pins:
Circuit 1: sky130_fd_sc_hd__and2_4         |Circuit 2: sky130_fd_sc_hd__and2_4         
-------------------------------------------|-------------------------------------------
A                                          |A                                          
B                                          |B                                          
VGND                                       |VGND                                       
VNB                                        |VNB                                        
VPB                                        |VPB                                        
VPWR                                       |VPWR                                       
X                                          |X                                          
---------------------------------------------------------------------------------------
Cell pin lists are equivalent.
Device classes sky130_fd_sc_hd__and2_4 and sky130_fd_sc_hd__and2_4 are equivalent.

Cell sky130_fd_sc_hd__buf_2 disconnected node: A
Cell sky130_fd_sc_hd__buf_2 disconnected node: VGND
Cell sky130_fd_sc_hd__buf_2 disconnected node: VNB
Cell sky130_fd_sc_hd__buf_2 disconnected node: VPB
Cell sky130_fd_sc_hd__buf_2 disconnected node: VPWR
Cell sky130_fd_sc_hd__buf_2 disconnected node: X
Warning: Equate pins:  cell sky130_fd_sc_hd__buf_2 has no definition, treated as a black box.

Subcircuit pins:
Circuit 1: sky130_fd_sc_hd__buf_2          |Circuit 2: sky130_fd_sc_hd__buf_2          
-------------------------------------------|-------------------------------------------
A                                          |A                                          
VGND                                       |VGND                                       
VNB                                        |VNB                                        
VPB                                        |VPB                                        
VPWR                                       |VPWR                                       
X                                          |X                                          
---------------------------------------------------------------------------------------
Cell pin lists are equivalent.
Device classes sky130_fd_sc_hd__buf_2 and sky130_fd_sc_hd__buf_2 are equivalent.

Cell sky130_fd_sc_hd__o21a_4 disconnected node: A1
Cell sky130_fd_sc_hd__o21a_4 disconnected node: A2
Cell sky130_fd_sc_hd__o21a_4 disconnected node: B1
Cell sky130_fd_sc_hd__o21a_4 disconnected node: VGND
Cell sky130_fd_sc_hd__o21a_4 disconnected node: VNB
Cell sky130_fd_sc_hd__o21a_4 disconnected node: VPB
Cell sky130_fd_sc_hd__o21a_4 disconnected node: VPWR
Cell sky130_fd_sc_hd__o21a_4 disconnected node: X
Warning: Equate pins:  cell sky130_fd_sc_hd__o21a_4 has no definition, treated as a black box.

Subcircuit pins:
Circuit 1: sky130_fd_sc_hd__o21a_4         |Circuit 2: sky130_fd_sc_hd__o21a_4         
-------------------------------------------|-------------------------------------------
A1                                         |A1                                         
A2                                         |A2                                         
B1                                         |B1                                         
VGND                                       |VGND                                       
VNB                                        |VNB                                        
VPB                                        |VPB                                        
VPWR                                       |VPWR                                       
X                                          |X                                          
---------------------------------------------------------------------------------------
Cell pin lists are equivalent.
Device classes sky130_fd_sc_hd__o21a_4 and sky130_fd_sc_hd__o21a_4 are equivalent.

Cell sky130_fd_sc_hd__inv_2 disconnected node: A
Cell sky130_fd_sc_hd__inv_2 disconnected node: VGND
Cell sky130_fd_sc_hd__inv_2 disconnected node: VNB
Cell sky130_fd_sc_hd__inv_2 disconnected node: VPB
Cell sky130_fd_sc_hd__inv_2 disconnected node: VPWR
Cell sky130_fd_sc_hd__inv_2 disconnected node: Y
Warning: Equate pins:  cell sky130_fd_sc_hd__inv_2 has no definition, treated as a black box.

Subcircuit pins:
Circuit 1: sky130_fd_sc_hd__inv_2          |Circuit 2: sky130_fd_sc_hd__inv_2          
-------------------------------------------|-------------------------------------------
A                                          |A                                          
VGND                                       |VGND                                       
VNB                                        |VNB                                        
VPB                                        |VPB                                        
VPWR                                       |VPWR                                       
Y                                          |Y                                          
---------------------------------------------------------------------------------------
Cell pin lists are equivalent.
Device classes sky130_fd_sc_hd__inv_2 and sky130_fd_sc_hd__inv_2 are equivalent.

Subcircuit summary:
Circuit 1: adder                           |Circuit 2: adder                           
-------------------------------------------|-------------------------------------------
sky130_fd_sc_hd__a2bb2o_4 (15)             |sky130_fd_sc_hd__a2bb2o_4 (15)             
sky130_fd_sc_hd__tapvpwrvgnd_1 (136)       |sky130_fd_sc_hd__tapvpwrvgnd_1 (136)       
sky130_fd_sc_hd__o22a_4 (8)                |sky130_fd_sc_hd__o22a_4 (8)                
sky130_fd_sc_hd__and2_4 (8)                |sky130_fd_sc_hd__and2_4 (8)                
sky130_fd_sc_hd__buf_2 (36)                |sky130_fd_sc_hd__buf_2 (36)                
sky130_fd_sc_hd__o21a_4 (1)                |sky130_fd_sc_hd__o21a_4 (1)                
sky130_fd_sc_hd__inv_2 (2)                 |sky130_fd_sc_hd__inv_2 (2)                 
Number of devices: 206                     |Number of devices: 206                     
Number of nets: 89                         |Number of nets: 89                         
---------------------------------------------------------------------------------------
Resolving automorphisms by property value.
Resolving automorphisms by pin name.
Netlists match with 1 symmetry.
Circuits match correctly.

Subcircuit pins:
Circuit 1: adder                           |Circuit 2: adder                           
-------------------------------------------|-------------------------------------------
s[4]                                       |s[4]                                       
s[5]                                       |s[5]                                       
s[6]                                       |s[6]                                       
co                                         |co                                         
s[7]                                       |s[7]                                       
s[1]                                       |s[1]                                       
s[3]                                       |s[3]                                       
s[0]                                       |s[0]                                       
s[2]                                       |s[2]                                       
ci                                         |ci                                         
i0[0]                                      |i0[0]                                      
i1[0]                                      |i1[0]                                      
i1[3]                                      |i1[3]                                      
i0[3]                                      |i0[3]                                      
i0[2]                                      |i0[2]                                      
i0[1]                                      |i0[1]                                      
i1[2]                                      |i1[2]                                      
i1[1]                                      |i1[1]                                      
i1[4]                                      |i1[4]                                      
i1[5]                                      |i1[5]                                      
i1[6]                                      |i1[6]                                      
i0[4]                                      |i0[4]                                      
i0[5]                                      |i0[5]                                      
i0[6]                                      |i0[6]                                      
i0[7]                                      |i0[7]                                      
i1[7]                                      |i1[7]                                      
VGND                                       |VGND                                       
VPWR                                       |VPWR                                       
---------------------------------------------------------------------------------------
Cell pin lists are equivalent.
Device classes adder and adder are equivalent.
Circuits match uniquely.
