
Magic 8.3 revision 93 - Compiled on Mon Dec  7 16:32:25 UTC 2020.
Starting magic under Tcl interpreter
Using the terminal as the console.
Using NULL graphics device.
Processing system .magicrc file
Sourcing design .magicrc for technology sky130A ...
2 Magic internal units = 1 Lambda
Input style sky130: scaleFactor=2, multiplier=2
Scaled tech values by 2 / 1 to match internal grid scaling
Loading sky130A Device Generator Menu ...
Loading "/openLANE_flow/scripts/magic/drc.tcl" from command line.
Warning: Calma reading is not undoable!  I hope that's OK.
Library written using GDS-II Release 3.0
Library name: adder
Reading "sky130_fd_sc_hd__decap_8".
Error while reading cell "sky130_fd_sc_hd__decap_8" (byte position 136): Unknown layer/datatype in boundary, layer=236 type=0
Reading "sky130_fd_sc_hd__fill_1".
Reading "sky130_fd_sc_hd__decap_12".
Error while reading cell "sky130_fd_sc_hd__decap_12" (byte position 4948): Unknown layer/datatype in boundary, layer=236 type=0
Reading "sky130_fd_sc_hd__decap_6".
Error while reading cell "sky130_fd_sc_hd__decap_6" (byte position 9082): Unknown layer/datatype in boundary, layer=236 type=0
Reading "sky130_fd_sc_hd__buf_2".
Error while reading cell "sky130_fd_sc_hd__buf_2" (byte position 12222): Unknown layer/datatype in boundary, layer=236 type=0
Reading "sky130_fd_sc_hd__decap_3".
Error while reading cell "sky130_fd_sc_hd__decap_3" (byte position 16714): Unknown layer/datatype in boundary, layer=236 type=0
Reading "sky130_fd_sc_hd__inv_2".
Error while reading cell "sky130_fd_sc_hd__inv_2" (byte position 19374): Unknown layer/datatype in boundary, layer=236 type=0
Reading "sky130_fd_sc_hd__tapvpwrvgnd_1".
Reading "sky130_fd_sc_hd__fill_2".
Reading "sky130_fd_sc_hd__decap_4".
Error while reading cell "sky130_fd_sc_hd__decap_4" (byte position 26272): Unknown layer/datatype in boundary, layer=236 type=0
Reading "sky130_fd_sc_hd__o21a_4".
Error while reading cell "sky130_fd_sc_hd__o21a_4" (byte position 29062): Unknown layer/datatype in boundary, layer=236 type=0
Reading "sky130_fd_sc_hd__and2_4".
Error while reading cell "sky130_fd_sc_hd__and2_4" (byte position 37042): Unknown layer/datatype in boundary, layer=236 type=0
Reading "sky130_fd_sc_hd__a2bb2o_4".
Error while reading cell "sky130_fd_sc_hd__a2bb2o_4" (byte position 42786): Unknown layer/datatype in boundary, layer=236 type=0
Reading "sky130_fd_sc_hd__o22a_4".
Error while reading cell "sky130_fd_sc_hd__o22a_4" (byte position 54246): Unknown layer/datatype in boundary, layer=236 type=0
Reading "adder".
    100 uses
    200 uses
    300 uses
    400 uses
    500 uses
    600 uses
    700 uses
    800 uses
    900 uses
    1000 uses
[INFO]: Loading adder

DRC style is now "drc(full)"
Loading DRC CIF style.
No errors found.
[INFO]: COUNT: 0
[INFO]: Should be divided by 3 or 4
[INFO]: DRC Checking DONE (/openLANE_flow/designs/adder/runs/opelane_run/logs/magic/magic.drc)
[INFO]: Saving mag view with DRC errors(/openLANE_flow/designs/adder/runs/opelane_run/results/magic/adder.drc.mag)
[INFO]: Saved
