
Magic 8.3 revision 93 - Compiled on Mon Dec  7 16:32:25 UTC 2020.
Starting magic under Tcl interpreter
Using the terminal as the console.
Using NULL graphics device.
Processing system .magicrc file
Sourcing design .magicrc for technology sky130A ...
2 Magic internal units = 1 Lambda
Input style sky130: scaleFactor=2, multiplier=2
Scaled tech values by 2 / 1 to match internal grid scaling
Loading sky130A Device Generator Menu ...
Loading "/openLANE_flow/scripts/magic/mag_gds.tcl" from command line.
Reading LEF data from file /edatools/pdks/sky130A/libs.ref/sky130_fd_sc_hd/techlef/sky130_fd_sc_hd.tlef.
This action cannot be undone.
LEF read, Line 77 (Message): Unknown keyword "ANTENNAMODEL" in LEF file; ignoring.
LEF read, Line 78 (Message): Unknown keyword "ANTENNADIFFSIDEAREARATIO" in LEF file; ignoring.
LEF read, Line 111 (Message): Unknown keyword "ANTENNAMODEL" in LEF file; ignoring.
LEF read, Line 112 (Message): Unknown keyword "ANTENNADIFFSIDEAREARATIO" in LEF file; ignoring.
LEF read, Line 118 (Message): Unknown keyword "MAXIMUMDENSITY" in LEF file; ignoring.
LEF read, Line 119 (Message): Unknown keyword "DENSITYCHECKWINDOW" in LEF file; ignoring.
LEF read, Line 120 (Message): Unknown keyword "DENSITYCHECKSTEP" in LEF file; ignoring.
LEF read, Line 159 (Message): Unknown keyword "ANTENNAMODEL" in LEF file; ignoring.
LEF read, Line 160 (Message): Unknown keyword "ANTENNADIFFSIDEAREARATIO" in LEF file; ignoring.
LEF read, Line 162 (Message): Unknown keyword "MAXIMUMDENSITY" in LEF file; ignoring.
LEF read, Line 163 (Message): Unknown keyword "DENSITYCHECKWINDOW" in LEF file; ignoring.
LEF read, Line 164 (Message): Unknown keyword "DENSITYCHECKSTEP" in LEF file; ignoring.
LEF read, Line 200 (Message): Unknown keyword "ANTENNAMODEL" in LEF file; ignoring.
LEF read, Line 201 (Message): Unknown keyword "ANTENNADIFFSIDEAREARATIO" in LEF file; ignoring.
LEF read, Line 203 (Message): Unknown keyword "MAXIMUMDENSITY" in LEF file; ignoring.
LEF read, Line 204 (Message): Unknown keyword "DENSITYCHECKWINDOW" in LEF file; ignoring.
LEF read, Line 205 (Message): Unknown keyword "DENSITYCHECKSTEP" in LEF file; ignoring.
LEF read, Line 241 (Message): Unknown keyword "ANTENNAMODEL" in LEF file; ignoring.
LEF read, Line 242 (Message): Unknown keyword "ANTENNADIFFSIDEAREARATIO" in LEF file; ignoring.
LEF read, Line 244 (Message): Unknown keyword "MAXIMUMDENSITY" in LEF file; ignoring.
LEF read, Line 245 (Message): Unknown keyword "DENSITYCHECKWINDOW" in LEF file; ignoring.
LEF read, Line 246 (Message): Unknown keyword "DENSITYCHECKSTEP" in LEF file; ignoring.
LEF read, Line 282 (Message): Unknown keyword "ANTENNAMODEL" in LEF file; ignoring.
LEF read, Line 283 (Message): Unknown keyword "ANTENNADIFFSIDEAREARATIO" in LEF file; ignoring.
LEF read: Processed 789 lines.
Reading DEF data from file /openLANE_flow/designs/adder/runs/opelane_run/results/routing/adder.def.
This action cannot be undone.
  Processed 6 vias total.
  Processed 1038 subcell instances total.
  Processed 36 pins total.
  Processed 2 special nets total.
  Processed 90 nets total.
DEF read: Processed 2781 lines.
[INFO]: Zeroizing Origin
[INFO]: Current Box Values: 0 0 22858 25002
   Writing cell adder
   Writing cell sky130_fd_sc_hd__decap_8
   Writing cell sky130_fd_sc_hd__fill_1
   Writing cell sky130_fd_sc_hd__decap_12
   Writing cell sky130_fd_sc_hd__decap_6
   Writing cell sky130_fd_sc_hd__buf_2
   Writing cell sky130_fd_sc_hd__decap_3
   Writing cell sky130_fd_sc_hd__inv_2
   Writing cell sky130_fd_sc_hd__tapvpwrvgnd_1
   Writing cell sky130_fd_sc_hd__fill_2
   Writing cell sky130_fd_sc_hd__decap_4
   Writing cell sky130_fd_sc_hd__o21a_4
   Writing cell sky130_fd_sc_hd__and2_4
   Writing cell sky130_fd_sc_hd__a2bb2o_4
   Writing cell sky130_fd_sc_hd__o22a_4
[INFO]: GDS Write Complete
