Startpoint: i0[7] (input port clocked by clk)
Endpoint: co (output port clocked by clk)
Path Group: clk
Path Type: min

  Delay    Time   Description
---------------------------------------------------------
   0.00    0.00   clock clk (rise edge)
   0.00    0.00   clock network delay (ideal)
   0.00    0.00 ^ input external delay
   0.02    0.02 ^ i0[7] (in)
   0.09    0.11 ^ _48_/X (sky130_fd_sc_hd__o22a_4)
   0.01    0.12 ^ co (out)
           0.12   data arrival time

   0.00    0.00   clock clk (rise edge)
   0.00    0.00   clock network delay (ideal)
   0.00    0.00   clock reconvergence pessimism
   0.00    0.00   output external delay
           0.00   data required time
---------------------------------------------------------
           0.00   data required time
          -0.12   data arrival time
---------------------------------------------------------
           0.12   slack (MET)


Startpoint: i1[0] (input port clocked by clk)
Endpoint: s[7] (output port clocked by clk)
Path Group: clk
Path Type: max

  Delay    Time   Description
---------------------------------------------------------
   0.00    0.00   clock clk (rise edge)
   0.00    0.00   clock network delay (ideal)
   0.00    0.00 v input external delay
   0.01    0.01 v i1[0] (in)
   0.27    0.28 v _28_/X (sky130_fd_sc_hd__and2_4)
   0.37    0.65 v _29_/X (sky130_fd_sc_hd__o22a_4)
   0.38    1.03 v _30_/X (sky130_fd_sc_hd__o22a_4)
   0.38    1.41 v _31_/X (sky130_fd_sc_hd__o22a_4)
   0.38    1.78 v _35_/X (sky130_fd_sc_hd__o22a_4)
   0.38    2.16 v _39_/X (sky130_fd_sc_hd__o22a_4)
   0.38    2.54 v _43_/X (sky130_fd_sc_hd__o22a_4)
   0.40    2.94 v _47_/X (sky130_fd_sc_hd__o22a_4)
   0.45    3.39 v _50_/X (sky130_fd_sc_hd__a2bb2o_4)
   0.00    3.40 v s[7] (out)
           3.40   data arrival time

   0.00    0.00   clock clk (rise edge)
   0.00    0.00   clock network delay (ideal)
   0.00    0.00   clock reconvergence pessimism
   0.00    0.00   output external delay
           0.00   data required time
---------------------------------------------------------
           0.00   data required time
          -3.40   data arrival time
---------------------------------------------------------
          -3.40   slack (VIOLATED)


