[OpenPhySyn] [2021-03-26 12:33:57.132] [info] Loaded 6 transforms.
[OpenPhySyn] [2021-03-26 12:33:58.048] [info] OpenPhySyn: 1.8.1
Warning: /openLANE_flow/designs/adder/runs/opelane_run/tmp/opt.lib, line 32 default_operating_condition ss_100C_1v60 not found.
Notice 0: Reading LEF file:  /openLANE_flow/designs/adder/runs/opelane_run/tmp/merged_unpadded.lef
Notice 0:     Created 13 technology layers
Notice 0:     Created 25 technology vias
Notice 0:     Created 438 library cells
Notice 0: Finished LEF file:  /openLANE_flow/designs/adder/runs/opelane_run/tmp/merged_unpadded.lef
Notice 0: 
Reading DEF file: /openLANE_flow/designs/adder/runs/opelane_run/tmp/placement/replace.def
Notice 0: Design: adder
Notice 0:     Created 28 pins.
Notice 0:     Created 244 components and 851 component-terminals.
Notice 0:     Created 2 special nets and 0 connections.
Notice 0:     Created 51 nets and 147 connections.
Notice 0: Finished DEF file: /openLANE_flow/designs/adder/runs/opelane_run/tmp/placement/replace.def
Warning: base.sdc, 1 port 'clk' not found.
[INFO]: Setting output delay to: 0.0
[INFO]: Setting input delay to: 0.0
Warning: base.sdc, 8 port 'clk' not found.
[INFO]: Setting load to: 0.01765
=============== Initial Reports =============
Startpoint: i1[0] (input port clocked by clk)
Endpoint: s[7] (output port clocked by clk)
Path Group: clk
Path Type: max

  Delay    Time   Description
---------------------------------------------------------
   0.00    0.00   clock clk (rise edge)
   0.00    0.00   clock network delay (ideal)
   0.00    0.00 v input external delay
   0.01    0.01 v i1[0] (in)
   0.27    0.28 v _28_/X (sky130_fd_sc_hd__and2_4)
   0.39    0.67 v _29_/X (sky130_fd_sc_hd__o22a_4)
   0.41    1.09 v _30_/X (sky130_fd_sc_hd__o22a_4)
   0.41    1.50 v _31_/X (sky130_fd_sc_hd__o22a_4)
   0.41    1.91 v _35_/X (sky130_fd_sc_hd__o22a_4)
   0.41    2.33 v _39_/X (sky130_fd_sc_hd__o22a_4)
   0.41    2.74 v _43_/X (sky130_fd_sc_hd__o22a_4)
   0.41    3.16 v _47_/X (sky130_fd_sc_hd__o22a_4)
   0.45    3.61 ^ _50_/X (sky130_fd_sc_hd__a2bb2o_4)
   0.00    3.61 ^ s[7] (out)
           3.61   data arrival time

   0.00    0.00   clock clk (rise edge)
   0.00    0.00   clock network delay (ideal)
   0.00    0.00   clock reconvergence pessimism
   0.00    0.00   output external delay
           0.00   data required time
---------------------------------------------------------
           0.00   data required time
          -3.61   data arrival time
---------------------------------------------------------
          -3.61   slack (VIOLATED)


Capacitance violations: 0
Transition violations: 0
wns -3.61
tns -21.19
Initial area: 9809 um2
OpenPhySyn timing repair:
[OpenPhySyn] [2021-03-26 12:33:58.299] [info] Invoking repair_timing transform
[OpenPhySyn] [2021-03-26 12:33:58.307] [info] Buffer library: sky130_fd_sc_hd__buf_2, sky130_fd_sc_hd__buf_4, sky130_fd_sc_hd__buf_8
[OpenPhySyn] [2021-03-26 12:33:58.307] [info] Inverter library: None
[OpenPhySyn] [2021-03-26 12:33:58.307] [info] Buffering: enabled
[OpenPhySyn] [2021-03-26 12:33:58.307] [info] Driver sizing: enabled
[OpenPhySyn] [2021-03-26 12:33:58.307] [info] Pin-swapping: enabled
[OpenPhySyn] [2021-03-26 12:33:58.307] [info] Mode: Timing-Driven
[OpenPhySyn] [2021-03-26 12:33:58.307] [info] Iteration 1
[OpenPhySyn] [2021-03-26 12:33:58.326] [info] Found 9 negative slack paths
[OpenPhySyn] [2021-03-26 12:33:58.327] [warning] Top-level
[OpenPhySyn] [2021-03-26 12:33:58.385] [warning] Top-level
[OpenPhySyn] [2021-03-26 12:33:58.438] [warning] Top-level
[OpenPhySyn] [2021-03-26 12:33:58.482] [warning] Top-level
[OpenPhySyn] [2021-03-26 12:33:58.519] [warning] Top-level
[OpenPhySyn] [2021-03-26 12:33:58.554] [warning] Top-level
[OpenPhySyn] [2021-03-26 12:33:58.584] [warning] Top-level
[OpenPhySyn] [2021-03-26 12:33:58.614] [warning] Top-level
[OpenPhySyn] [2021-03-26 12:33:58.635] [warning] Top-level
[OpenPhySyn] [2021-03-26 12:33:58.658] [info] Runtime: 0s
[OpenPhySyn] [2021-03-26 12:33:58.658] [info] Buffers: 39
[OpenPhySyn] [2021-03-26 12:33:58.658] [info] Resize up: 0
[OpenPhySyn] [2021-03-26 12:33:58.658] [info] Resize down: 0
[OpenPhySyn] [2021-03-26 12:33:58.658] [info] Pin Swap: 3
[OpenPhySyn] [2021-03-26 12:33:58.658] [info] Buffered nets: 39
[OpenPhySyn] [2021-03-26 12:33:58.658] [info] Fanout violations: 0
[OpenPhySyn] [2021-03-26 12:33:58.658] [info] Transition violations: 0
[OpenPhySyn] [2021-03-26 12:33:58.658] [info] Capacitance violations: 0
[OpenPhySyn] [2021-03-26 12:33:58.658] [info] Slack gain: 1.17852e-08
[OpenPhySyn] [2021-03-26 12:33:58.658] [info] Initial area: 981
[OpenPhySyn] [2021-03-26 12:33:58.658] [info] New area: 1176
[OpenPhySyn] [2021-03-26 12:33:58.658] [info] Finished repair_timing transform (42)
Added/updated 42 cells
=============== Final Reports =============
Startpoint: i1[0] (input port clocked by clk)
Endpoint: s[7] (output port clocked by clk)
Path Group: clk
Path Type: max

  Delay    Time   Description
---------------------------------------------------------
   0.00    0.00   clock clk (rise edge)
   0.00    0.00   clock network delay (ideal)
   0.00    0.00 v input external delay
   0.01    0.01 v i1[0] (in)
   0.26    0.27 v _28_/X (sky130_fd_sc_hd__and2_4)
   0.36    0.63 v _29_/X (sky130_fd_sc_hd__o22a_4)
   0.37    1.00 v _30_/X (sky130_fd_sc_hd__o22a_4)
   0.37    1.37 v _31_/X (sky130_fd_sc_hd__o22a_4)
   0.37    1.75 v _35_/X (sky130_fd_sc_hd__o22a_4)
   0.37    2.12 v _39_/X (sky130_fd_sc_hd__o22a_4)
   0.37    2.49 v _43_/X (sky130_fd_sc_hd__o22a_4)
   0.40    2.89 v _47_/X (sky130_fd_sc_hd__o22a_4)
   0.45    3.34 v _50_/X (sky130_fd_sc_hd__a2bb2o_4)
   0.00    3.34 v s[7] (out)
           3.34   data arrival time

   0.00    0.00   clock clk (rise edge)
   0.00    0.00   clock network delay (ideal)
   0.00    0.00   clock reconvergence pessimism
   0.00    0.00   output external delay
           0.00   data required time
---------------------------------------------------------
           0.00   data required time
          -3.34   data arrival time
---------------------------------------------------------
          -3.34   slack (VIOLATED)


Capacitance violations: 0
Transition violations: 0
wns -3.34
tns -27.91
Final area: 11761 um2
Export optimized design
