OpenROAD 0.9.0 d03ebfc244
This program is licensed under the BSD-3 license. See the LICENSE file for details. 
Components of this program may be licensed under more restrictive licenses which must be honored.
Error: cannot open '/root/.openroad'.
Notice 0: Reading LEF file:  /openLANE_flow/designs/adder/runs/opelane_run/tmp/merged_unpadded.lef
Notice 0:     Created 13 technology layers
Notice 0:     Created 25 technology vias
Notice 0:     Created 438 library cells
Notice 0: Finished LEF file:  /openLANE_flow/designs/adder/runs/opelane_run/tmp/merged_unpadded.lef
Notice 0: 
Reading DEF file: /openLANE_flow/designs/adder/runs/opelane_run/tmp/placement/openphysyn.def
Notice 0: Design: adder
Notice 0:     Created 28 pins.
Notice 0:     Created 283 components and 1085 component-terminals.
Notice 0:     Created 2 special nets and 0 connections.
Notice 0:     Created 90 nets and 225 connections.
Notice 0: Finished DEF file: /openLANE_flow/designs/adder/runs/opelane_run/tmp/placement/openphysyn.def
Design Stats
--------------------------------
total instances           283
multi row instances         0
fixed instances           210
nets                       92
design area           10369.9 u^2
fixed area              447.9 u^2
movable area            728.2 u^2
utilization                 7 %
utilization padded         15 %
rows                       37
row height                2.7 u

Placement Analysis
--------------------------------
total displacement      524.0 u
average displacement      1.9 u
max displacement         18.1 u
original HPWL          1849.2 u
legalized HPWL         2643.4 u
delta HPWL                 43 %

