Startpoint: i1[0] (input port clocked by clk)
Endpoint: s[7] (output port clocked by clk)
Path Group: clk
Path Type: max

  Delay    Time   Description
---------------------------------------------------------
   0.00    0.00   clock clk (rise edge)
   0.00    0.00   clock network delay (ideal)
   0.00    0.00 v input external delay
   0.01    0.01 v i1[0] (in)
   0.26    0.27 v _28_/X (sky130_fd_sc_hd__and2_4)
   0.36    0.63 v _29_/X (sky130_fd_sc_hd__o22a_4)
   0.38    1.01 v _30_/X (sky130_fd_sc_hd__o22a_4)
   0.40    1.40 v _31_/X (sky130_fd_sc_hd__o22a_4)
   0.38    1.78 v _35_/X (sky130_fd_sc_hd__o22a_4)
   0.38    2.17 v _39_/X (sky130_fd_sc_hd__o22a_4)
   0.37    2.54 v _43_/X (sky130_fd_sc_hd__o22a_4)
   0.40    2.94 v _47_/X (sky130_fd_sc_hd__o22a_4)
   0.46    3.40 v _50_/X (sky130_fd_sc_hd__a2bb2o_4)
   0.00    3.40 v s[7] (out)
           3.40   data arrival time

   0.00    0.00   clock clk (rise edge)
   0.00    0.00   clock network delay (ideal)
   0.00    0.00   clock reconvergence pessimism
   0.00    0.00   output external delay
           0.00   data required time
---------------------------------------------------------
           0.00   data required time
          -3.40   data arrival time
---------------------------------------------------------
          -3.40   slack (VIOLATED)


