Startpoint: i1[0] (input port clocked by clk)
Endpoint: s[7] (output port clocked by clk)
Path Group: clk
Path Type: max

  Delay    Time   Description
---------------------------------------------------------
   0.00    0.00   clock clk (rise edge)
   0.00    0.00   clock network delay (ideal)
   0.00    0.00 v input external delay
   0.01    0.01 v i1[0] (in)
   0.27    0.28 v _28_/X (sky130_fd_sc_hd__and2_4)
   0.39    0.67 v _29_/X (sky130_fd_sc_hd__o22a_4)
   0.41    1.08 v _30_/X (sky130_fd_sc_hd__o22a_4)
   0.41    1.49 v _31_/X (sky130_fd_sc_hd__o22a_4)
   0.41    1.90 v _35_/X (sky130_fd_sc_hd__o22a_4)
   0.41    2.31 v _39_/X (sky130_fd_sc_hd__o22a_4)
   0.41    2.72 v _43_/X (sky130_fd_sc_hd__o22a_4)
   0.41    3.13 v _47_/X (sky130_fd_sc_hd__o22a_4)
   0.45    3.58 ^ _50_/X (sky130_fd_sc_hd__a2bb2o_4)
   0.00    3.58 ^ s[7] (out)
           3.58   data arrival time

   0.00    0.00   clock clk (rise edge)
   0.00    0.00   clock network delay (ideal)
   0.00    0.00   clock reconvergence pessimism
   0.00    0.00   output external delay
           0.00   data required time
---------------------------------------------------------
           0.00   data required time
          -3.58   data arrival time
---------------------------------------------------------
          -3.58   slack (VIOLATED)


Startpoint: i1[0] (input port clocked by clk)
Endpoint: co (output port clocked by clk)
Path Group: clk
Path Type: max

  Delay    Time   Description
---------------------------------------------------------
   0.00    0.00   clock clk (rise edge)
   0.00    0.00   clock network delay (ideal)
   0.00    0.00 v input external delay
   0.01    0.01 v i1[0] (in)
   0.27    0.28 v _28_/X (sky130_fd_sc_hd__and2_4)
   0.39    0.67 v _29_/X (sky130_fd_sc_hd__o22a_4)
   0.41    1.08 v _30_/X (sky130_fd_sc_hd__o22a_4)
   0.41    1.49 v _31_/X (sky130_fd_sc_hd__o22a_4)
   0.41    1.90 v _35_/X (sky130_fd_sc_hd__o22a_4)
   0.41    2.31 v _39_/X (sky130_fd_sc_hd__o22a_4)
   0.41    2.72 v _43_/X (sky130_fd_sc_hd__o22a_4)
   0.41    3.13 v _47_/X (sky130_fd_sc_hd__o22a_4)
   0.42    3.55 v _48_/X (sky130_fd_sc_hd__o22a_4)
   0.00    3.55 v co (out)
           3.55   data arrival time

   0.00    0.00   clock clk (rise edge)
   0.00    0.00   clock network delay (ideal)
   0.00    0.00   clock reconvergence pessimism
   0.00    0.00   output external delay
           0.00   data required time
---------------------------------------------------------
           0.00   data required time
          -3.55   data arrival time
---------------------------------------------------------
          -3.55   slack (VIOLATED)


Startpoint: i1[0] (input port clocked by clk)
Endpoint: s[6] (output port clocked by clk)
Path Group: clk
Path Type: max

  Delay    Time   Description
---------------------------------------------------------
   0.00    0.00   clock clk (rise edge)
   0.00    0.00   clock network delay (ideal)
   0.00    0.00 v input external delay
   0.01    0.01 v i1[0] (in)
   0.27    0.28 v _28_/X (sky130_fd_sc_hd__and2_4)
   0.39    0.67 v _29_/X (sky130_fd_sc_hd__o22a_4)
   0.41    1.08 v _30_/X (sky130_fd_sc_hd__o22a_4)
   0.41    1.49 v _31_/X (sky130_fd_sc_hd__o22a_4)
   0.41    1.90 v _35_/X (sky130_fd_sc_hd__o22a_4)
   0.41    2.31 v _39_/X (sky130_fd_sc_hd__o22a_4)
   0.41    2.72 v _43_/X (sky130_fd_sc_hd__o22a_4)
   0.42    3.14 v _44_/X (sky130_fd_sc_hd__a2bb2o_4)
   0.00    3.14 v s[6] (out)
           3.14   data arrival time

   0.00    0.00   clock clk (rise edge)
   0.00    0.00   clock network delay (ideal)
   0.00    0.00   clock reconvergence pessimism
   0.00    0.00   output external delay
           0.00   data required time
---------------------------------------------------------
           0.00   data required time
          -3.14   data arrival time
---------------------------------------------------------
          -3.14   slack (VIOLATED)


Startpoint: i1[0] (input port clocked by clk)
Endpoint: s[5] (output port clocked by clk)
Path Group: clk
Path Type: max

  Delay    Time   Description
---------------------------------------------------------
   0.00    0.00   clock clk (rise edge)
   0.00    0.00   clock network delay (ideal)
   0.00    0.00 v input external delay
   0.01    0.01 v i1[0] (in)
   0.27    0.28 v _28_/X (sky130_fd_sc_hd__and2_4)
   0.39    0.67 v _29_/X (sky130_fd_sc_hd__o22a_4)
   0.41    1.08 v _30_/X (sky130_fd_sc_hd__o22a_4)
   0.41    1.49 v _31_/X (sky130_fd_sc_hd__o22a_4)
   0.41    1.90 v _35_/X (sky130_fd_sc_hd__o22a_4)
   0.41    2.31 v _39_/X (sky130_fd_sc_hd__o22a_4)
   0.42    2.73 v _40_/X (sky130_fd_sc_hd__a2bb2o_4)
   0.00    2.73 v s[5] (out)
           2.73   data arrival time

   0.00    0.00   clock clk (rise edge)
   0.00    0.00   clock network delay (ideal)
   0.00    0.00   clock reconvergence pessimism
   0.00    0.00   output external delay
           0.00   data required time
---------------------------------------------------------
           0.00   data required time
          -2.73   data arrival time
---------------------------------------------------------
          -2.73   slack (VIOLATED)


Startpoint: i1[0] (input port clocked by clk)
Endpoint: s[4] (output port clocked by clk)
Path Group: clk
Path Type: max

  Delay    Time   Description
---------------------------------------------------------
   0.00    0.00   clock clk (rise edge)
   0.00    0.00   clock network delay (ideal)
   0.00    0.00 v input external delay
   0.01    0.01 v i1[0] (in)
   0.27    0.28 v _28_/X (sky130_fd_sc_hd__and2_4)
   0.39    0.67 v _29_/X (sky130_fd_sc_hd__o22a_4)
   0.41    1.08 v _30_/X (sky130_fd_sc_hd__o22a_4)
   0.41    1.49 v _31_/X (sky130_fd_sc_hd__o22a_4)
   0.41    1.90 v _35_/X (sky130_fd_sc_hd__o22a_4)
   0.42    2.32 v _36_/X (sky130_fd_sc_hd__a2bb2o_4)
   0.00    2.32 v s[4] (out)
           2.32   data arrival time

   0.00    0.00   clock clk (rise edge)
   0.00    0.00   clock network delay (ideal)
   0.00    0.00   clock reconvergence pessimism
   0.00    0.00   output external delay
           0.00   data required time
---------------------------------------------------------
           0.00   data required time
          -2.32   data arrival time
---------------------------------------------------------
          -2.32   slack (VIOLATED)


Startpoint: i1[0] (input port clocked by clk)
Endpoint: s[3] (output port clocked by clk)
Path Group: clk
Path Type: max

  Delay    Time   Description
---------------------------------------------------------
   0.00    0.00   clock clk (rise edge)
   0.00    0.00   clock network delay (ideal)
   0.00    0.00 v input external delay
   0.01    0.01 v i1[0] (in)
   0.27    0.28 v _28_/X (sky130_fd_sc_hd__and2_4)
   0.39    0.67 v _29_/X (sky130_fd_sc_hd__o22a_4)
   0.41    1.08 v _30_/X (sky130_fd_sc_hd__o22a_4)
   0.41    1.49 v _31_/X (sky130_fd_sc_hd__o22a_4)
   0.42    1.91 v _32_/X (sky130_fd_sc_hd__a2bb2o_4)
   0.00    1.91 v s[3] (out)
           1.91   data arrival time

   0.00    0.00   clock clk (rise edge)
   0.00    0.00   clock network delay (ideal)
   0.00    0.00   clock reconvergence pessimism
   0.00    0.00   output external delay
           0.00   data required time
---------------------------------------------------------
           0.00   data required time
          -1.91   data arrival time
---------------------------------------------------------
          -1.91   slack (VIOLATED)


Startpoint: i1[0] (input port clocked by clk)
Endpoint: s[2] (output port clocked by clk)
Path Group: clk
Path Type: max

  Delay    Time   Description
---------------------------------------------------------
   0.00    0.00   clock clk (rise edge)
   0.00    0.00   clock network delay (ideal)
   0.00    0.00 v input external delay
   0.01    0.01 v i1[0] (in)
   0.27    0.28 v _28_/X (sky130_fd_sc_hd__and2_4)
   0.39    0.67 v _29_/X (sky130_fd_sc_hd__o22a_4)
   0.41    1.08 v _30_/X (sky130_fd_sc_hd__o22a_4)
   0.45    1.53 ^ _58_/X (sky130_fd_sc_hd__a2bb2o_4)
   0.00    1.53 ^ s[2] (out)
           1.53   data arrival time

   0.00    0.00   clock clk (rise edge)
   0.00    0.00   clock network delay (ideal)
   0.00    0.00   clock reconvergence pessimism
   0.00    0.00   output external delay
           0.00   data required time
---------------------------------------------------------
           0.00   data required time
          -1.53   data arrival time
---------------------------------------------------------
          -1.53   slack (VIOLATED)


Startpoint: i1[0] (input port clocked by clk)
Endpoint: s[1] (output port clocked by clk)
Path Group: clk
Path Type: max

  Delay    Time   Description
---------------------------------------------------------
   0.00    0.00   clock clk (rise edge)
   0.00    0.00   clock network delay (ideal)
   0.00    0.00 v input external delay
   0.01    0.01 v i1[0] (in)
   0.27    0.28 v _28_/X (sky130_fd_sc_hd__and2_4)
   0.39    0.67 v _29_/X (sky130_fd_sc_hd__o22a_4)
   0.45    1.12 ^ _56_/X (sky130_fd_sc_hd__a2bb2o_4)
   0.00    1.12 ^ s[1] (out)
           1.12   data arrival time

   0.00    0.00   clock clk (rise edge)
   0.00    0.00   clock network delay (ideal)
   0.00    0.00   clock reconvergence pessimism
   0.00    0.00   output external delay
           0.00   data required time
---------------------------------------------------------
           0.00   data required time
          -1.12   data arrival time
---------------------------------------------------------
          -1.12   slack (VIOLATED)


Startpoint: i1[0] (input port clocked by clk)
Endpoint: s[0] (output port clocked by clk)
Path Group: clk
Path Type: max

  Delay    Time   Description
---------------------------------------------------------
   0.00    0.00   clock clk (rise edge)
   0.00    0.00   clock network delay (ideal)
   0.00    0.00 v input external delay
   0.01    0.01 v i1[0] (in)
   0.27    0.28 v _28_/X (sky130_fd_sc_hd__and2_4)
   0.07    0.35 ^ _52_/Y (sky130_fd_sc_hd__inv_2)
   0.24    0.59 ^ _53_/X (sky130_fd_sc_hd__o21a_4)
   0.44    1.03 v _54_/X (sky130_fd_sc_hd__a2bb2o_4)
   0.00    1.03 v s[0] (out)
           1.03   data arrival time

   0.00    0.00   clock clk (rise edge)
   0.00    0.00   clock network delay (ideal)
   0.00    0.00   clock reconvergence pessimism
   0.00    0.00   output external delay
           0.00   data required time
---------------------------------------------------------
           0.00   data required time
          -1.03   data arrival time
---------------------------------------------------------
          -1.03   slack (VIOLATED)


